-1.6
-encoding
UTF-8
-classpath
C:\Users\Kuba\.m2\repository\com\sun\faces\jsf-api\2.1.1-b04\jsf-api-2.1.1-b04.jar;C:\Users\Kuba\.m2\repository\com\sun\faces\jsf-impl\2.1.1-b04\jsf-impl-2.1.1-b04.jar;C:\Users\Kuba\.m2\repository\javax\servlet\javax.servlet-api\3.0.1\javax.servlet-api-3.0.1.jar;C:\Users\Kuba\.m2\repository\javax\servlet\jsp\jsp-api\2.2\jsp-api-2.2.jar;C:\Users\Kuba\.m2\repository\org\richfaces\richfaces-bom\4.1.0.Final\richfaces-bom-4.1.0.Final.pom;C:\Users\Kuba\.m2\repository\org\richfaces\ui\richfaces-components-ui\4.1.0.Final\richfaces-components-ui-4.1.0.Final.jar;C:\Users\Kuba\.m2\repository\org\richfaces\core\richfaces-core-impl\4.1.0.Final\richfaces-core-impl-4.1.0.Final.jar;C:\Users\Kuba\.m2\repository\javax\servlet\jstl\1.2\jstl-1.2.jar;C:\Users\Kuba\.m2\repository\org\hibernate\hibernate-entitymanager\4.1.7.Final\hibernate-entitymanager-4.1.7.Final.jar;C:\Users\Kuba\.m2\repository\org\springframework\spring-core\3.1.2.RELEASE\spring-core-3.1.2.RELEASE.jar;C:\Users\Kuba\.m2\repository\org\springframework\spring-context\3.1.2.RELEASE\spring-context-3.1.2.RELEASE.jar;C:\Users\Kuba\.m2\repository\org\springframework\spring-orm\3.1.2.RELEASE\spring-orm-3.1.2.RELEASE.jar;C:\Users\Kuba\.m2\repository\org\springframework\spring-web\3.1.2.RELEASE\spring-web-3.1.2.RELEASE.jar;C:\Users\Kuba\.m2\repository\org\springframework\spring-test\3.1.2.RELEASE\spring-test-3.1.2.RELEASE.jar;C:\Users\Kuba\.m2\repository\org\springframework\security\facelets-taglib-jsf20-spring-3\0.5\facelets-taglib-jsf20-spring-3-0.5.jar;C:\Users\Kuba\.m2\repository\org\springframework\security\spring-security-web\3.1.2.RELEASE\spring-security-web-3.1.2.RELEASE.jar;C:\Users\Kuba\.m2\repository\org\springframework\security\spring-security-config\3.1.2.RELEASE\spring-security-config-3.1.2.RELEASE.jar;C:\Users\Kuba\.m2\repository\org\springframework\spring-aspects\3.1.2.RELEASE\spring-aspects-3.1.2.RELEASE.jar;C:\Users\Kuba\.m2\repository\postgresql\postgresql\9.1-901.jdbc4\postgresql-9.1-901.jdbc4.jar;C:\Users\Kuba\.m2\repository\commons-dbcp\commons-dbcp\1.4\commons-dbcp-1.4.jar;C:\Users\Kuba\.m2\repository\org\aspectj\aspectjrt\1.6.12\aspectjrt-1.6.12.jar;C:\Users\Kuba\.m2\repository\junit\junit\4.8.2\junit-4.8.2.jar;C:\Users\Kuba\.m2\repository\log4j\log4j\1.2.16\log4j-1.2.16.jar;C:\Users\Kuba\.m2\repository\org\slf4j\slf4j-log4j12\1.6.1\slf4j-log4j12-1.6.1.jar;C:\Users\Kuba\.m2\repository\cglib\cglib\2.2\cglib-2.2.jar;C:\Users\Kuba\.m2\repository\javax\sql\jdbc-stdext\2.0\jdbc-stdext-2.0.jar;C:\Users\Kuba\.m2\repository\javax\transaction\jta\1.0.1B\jta-1.0.1B.jar;C:\Users\Kuba\.m2\repository\org\richfaces\ui\richfaces-components-api\4.1.0.Final\richfaces-components-api-4.1.0.Final.jar;C:\Users\Kuba\.m2\repository\org\richfaces\core\richfaces-core-api\4.1.0.Final\richfaces-core-api-4.1.0.Final.jar;C:\Users\Kuba\.m2\repository\net\sourceforge\cssparser\cssparser\0.9.5\cssparser-0.9.5.jar;C:\Users\Kuba\.m2\repository\org\w3c\css\sac\1.3\sac-1.3.jar;C:\Users\Kuba\.m2\repository\com\google\guava\guava\r08\guava-r08.jar;C:\Users\Kuba\.m2\repository\org\jboss\logging\jboss-logging\3.1.0.GA\jboss-logging-3.1.0.GA.jar;C:\Users\Kuba\.m2\repository\org\jboss\spec\javax\transaction\jboss-transaction-api_1.1_spec\1.0.0.Final\jboss-transaction-api_1.1_spec-1.0.0.Final.jar;C:\Users\Kuba\.m2\repository\dom4j\dom4j\1.6.1\dom4j-1.6.1.jar;C:\Users\Kuba\.m2\repository\org\hibernate\javax\persistence\hibernate-jpa-2.0-api\1.0.1.Final\hibernate-jpa-2.0-api-1.0.1.Final.jar;C:\Users\Kuba\.m2\repository\org\javassist\javassist\3.15.0-GA\javassist-3.15.0-GA.jar;C:\Users\Kuba\.m2\repository\org\hibernate\hibernate-core\4.1.7.Final\hibernate-core-4.1.7.Final.jar;C:\Users\Kuba\.m2\repository\antlr\antlr\2.7.7\antlr-2.7.7.jar;C:\Users\Kuba\.m2\repository\org\hibernate\common\hibernate-commons-annotations\4.0.1.Final\hibernate-commons-annotations-4.0.1.Final.jar;C:\Users\Kuba\.m2\repository\org\springframework\spring-asm\3.1.2.RELEASE\spring-asm-3.1.2.RELEASE.jar;C:\Users\Kuba\.m2\repository\commons-logging\commons-logging\1.1.1\commons-logging-1.1.1.jar;C:\Users\Kuba\.m2\repository\org\springframework\spring-aop\3.1.2.RELEASE\spring-aop-3.1.2.RELEASE.jar;C:\Users\Kuba\.m2\repository\org\springframework\spring-beans\3.1.2.RELEASE\spring-beans-3.1.2.RELEASE.jar;C:\Users\Kuba\.m2\repository\org\springframework\spring-expression\3.1.2.RELEASE\spring-expression-3.1.2.RELEASE.jar;C:\Users\Kuba\.m2\repository\org\springframework\spring-jdbc\3.1.2.RELEASE\spring-jdbc-3.1.2.RELEASE.jar;C:\Users\Kuba\.m2\repository\org\springframework\spring-tx\3.1.2.RELEASE\spring-tx-3.1.2.RELEASE.jar;C:\Users\Kuba\.m2\repository\aopalliance\aopalliance\1.0\aopalliance-1.0.jar;C:\Users\Kuba\.m2\repository\org\springframework\security\spring-security-core\3.1.2.RELEASE\spring-security-core-3.1.2.RELEASE.jar;C:\Users\Kuba\.m2\repository\org\springframework\spring-context-support\3.1.2.RELEASE\spring-context-support-3.1.2.RELEASE.jar;C:\Users\Kuba\.m2\repository\commons-pool\commons-pool\1.5.4\commons-pool-1.5.4.jar;C:\Users\Kuba\.m2\repository\org\slf4j\slf4j-api\1.6.1\slf4j-api-1.6.1.jar;C:\Users\Kuba\.m2\repository\asm\asm\3.1\asm-3.1.jar;C:\Users\Kuba\Documents\NetBeansProjects\WPA_MOVIEDATABASE\target\classes
-aspectpath
C:\Users\Kuba\.m2\repository\org\springframework\spring-aspects\3.1.2.RELEASE\spring-aspects-3.1.2.RELEASE.jar
-d
C:\Users\Kuba\Documents\NetBeansProjects\WPA_MOVIEDATABASE\target\classes
C:\Users\Kuba\Documents\NetBeansProjects\WPA_MOVIEDATABASE\src\main\java\com\cvut\spatnjak\wpa\moviedatabase\bo\AbstractBusinessObject.java
C:\Users\Kuba\Documents\NetBeansProjects\WPA_MOVIEDATABASE\src\main\java\com\cvut\spatnjak\wpa\moviedatabase\bo\Actor.java
C:\Users\Kuba\Documents\NetBeansProjects\WPA_MOVIEDATABASE\src\main\java\com\cvut\spatnjak\wpa\moviedatabase\bo\Address.java
C:\Users\Kuba\Documents\NetBeansProjects\WPA_MOVIEDATABASE\src\main\java\com\cvut\spatnjak\wpa\moviedatabase\bo\Director.java
C:\Users\Kuba\Documents\NetBeansProjects\WPA_MOVIEDATABASE\src\main\java\com\cvut\spatnjak\wpa\moviedatabase\bo\IRegisteredUser.java
C:\Users\Kuba\Documents\NetBeansProjects\WPA_MOVIEDATABASE\src\main\java\com\cvut\spatnjak\wpa\moviedatabase\bo\Movie.java
C:\Users\Kuba\Documents\NetBeansProjects\WPA_MOVIEDATABASE\src\main\java\com\cvut\spatnjak\wpa\moviedatabase\bo\Person.java
C:\Users\Kuba\Documents\NetBeansProjects\WPA_MOVIEDATABASE\src\main\java\com\cvut\spatnjak\wpa\moviedatabase\bo\ProductionCompany.java
C:\Users\Kuba\Documents\NetBeansProjects\WPA_MOVIEDATABASE\src\main\java\com\cvut\spatnjak\wpa\moviedatabase\bo\User.java
C:\Users\Kuba\Documents\NetBeansProjects\WPA_MOVIEDATABASE\src\main\java\com\cvut\spatnjak\wpa\moviedatabase\bo\Writer.java
C:\Users\Kuba\Documents\NetBeansProjects\WPA_MOVIEDATABASE\src\main\java\com\cvut\spatnjak\wpa\moviedatabase\convert\ActorDtoConvertor.java
C:\Users\Kuba\Documents\NetBeansProjects\WPA_MOVIEDATABASE\src\main\java\com\cvut\spatnjak\wpa\moviedatabase\convert\AddressDtoConvertor.java
C:\Users\Kuba\Documents\NetBeansProjects\WPA_MOVIEDATABASE\src\main\java\com\cvut\spatnjak\wpa\moviedatabase\convert\BasicMovieDtoConvert.java
C:\Users\Kuba\Documents\NetBeansProjects\WPA_MOVIEDATABASE\src\main\java\com\cvut\spatnjak\wpa\moviedatabase\convert\DirectorDtoConvertor.java
C:\Users\Kuba\Documents\NetBeansProjects\WPA_MOVIEDATABASE\src\main\java\com\cvut\spatnjak\wpa\moviedatabase\convert\MovieDtoConvert.java
C:\Users\Kuba\Documents\NetBeansProjects\WPA_MOVIEDATABASE\src\main\java\com\cvut\spatnjak\wpa\moviedatabase\convert\ProductionCompanyDtoConvertor.java
C:\Users\Kuba\Documents\NetBeansProjects\WPA_MOVIEDATABASE\src\main\java\com\cvut\spatnjak\wpa\moviedatabase\convert\UserDtoConvertor.java
C:\Users\Kuba\Documents\NetBeansProjects\WPA_MOVIEDATABASE\src\main\java\com\cvut\spatnjak\wpa\moviedatabase\convert\WriterDtoConvertor.java
C:\Users\Kuba\Documents\NetBeansProjects\WPA_MOVIEDATABASE\src\main\java\com\cvut\spatnjak\wpa\moviedatabase\dao\Dao.java
C:\Users\Kuba\Documents\NetBeansProjects\WPA_MOVIEDATABASE\src\main\java\com\cvut\spatnjak\wpa\moviedatabase\dao\GenericDao.java
C:\Users\Kuba\Documents\NetBeansProjects\WPA_MOVIEDATABASE\src\main\java\com\cvut\spatnjak\wpa\moviedatabase\dao\IUserDao.java
C:\Users\Kuba\Documents\NetBeansProjects\WPA_MOVIEDATABASE\src\main\java\com\cvut\spatnjak\wpa\moviedatabase\dao\userDao.java
C:\Users\Kuba\Documents\NetBeansProjects\WPA_MOVIEDATABASE\src\main\java\com\cvut\spatnjak\wpa\moviedatabase\dto\AbstractDto.java
C:\Users\Kuba\Documents\NetBeansProjects\WPA_MOVIEDATABASE\src\main\java\com\cvut\spatnjak\wpa\moviedatabase\dto\ActorDto.java
C:\Users\Kuba\Documents\NetBeansProjects\WPA_MOVIEDATABASE\src\main\java\com\cvut\spatnjak\wpa\moviedatabase\dto\AddressDto.java
C:\Users\Kuba\Documents\NetBeansProjects\WPA_MOVIEDATABASE\src\main\java\com\cvut\spatnjak\wpa\moviedatabase\dto\BasicActorDto.java
C:\Users\Kuba\Documents\NetBeansProjects\WPA_MOVIEDATABASE\src\main\java\com\cvut\spatnjak\wpa\moviedatabase\dto\BasicDirectorDto.java
C:\Users\Kuba\Documents\NetBeansProjects\WPA_MOVIEDATABASE\src\main\java\com\cvut\spatnjak\wpa\moviedatabase\dto\BasicMovieDto.java
C:\Users\Kuba\Documents\NetBeansProjects\WPA_MOVIEDATABASE\src\main\java\com\cvut\spatnjak\wpa\moviedatabase\dto\BasicWriterDto.java
C:\Users\Kuba\Documents\NetBeansProjects\WPA_MOVIEDATABASE\src\main\java\com\cvut\spatnjak\wpa\moviedatabase\dto\DirectorDto.java
C:\Users\Kuba\Documents\NetBeansProjects\WPA_MOVIEDATABASE\src\main\java\com\cvut\spatnjak\wpa\moviedatabase\dto\MovieDto.java
C:\Users\Kuba\Documents\NetBeansProjects\WPA_MOVIEDATABASE\src\main\java\com\cvut\spatnjak\wpa\moviedatabase\dto\PersonDto.java
C:\Users\Kuba\Documents\NetBeansProjects\WPA_MOVIEDATABASE\src\main\java\com\cvut\spatnjak\wpa\moviedatabase\dto\ProductionCompanyDto.java
C:\Users\Kuba\Documents\NetBeansProjects\WPA_MOVIEDATABASE\src\main\java\com\cvut\spatnjak\wpa\moviedatabase\dto\RoleDto.java
C:\Users\Kuba\Documents\NetBeansProjects\WPA_MOVIEDATABASE\src\main\java\com\cvut\spatnjak\wpa\moviedatabase\dto\UserDto.java
C:\Users\Kuba\Documents\NetBeansProjects\WPA_MOVIEDATABASE\src\main\java\com\cvut\spatnjak\wpa\moviedatabase\dto\WriterDto.java
C:\Users\Kuba\Documents\NetBeansProjects\WPA_MOVIEDATABASE\src\main\java\com\cvut\spatnjak\wpa\moviedatabase\filter\LoginFilter.java
C:\Users\Kuba\Documents\NetBeansProjects\WPA_MOVIEDATABASE\src\main\java\com\cvut\spatnjak\wpa\moviedatabase\service\AbstractDataAccessService.java
C:\Users\Kuba\Documents\NetBeansProjects\WPA_MOVIEDATABASE\src\main\java\com\cvut\spatnjak\wpa\moviedatabase\service\ActorService.java
C:\Users\Kuba\Documents\NetBeansProjects\WPA_MOVIEDATABASE\src\main\java\com\cvut\spatnjak\wpa\moviedatabase\service\AuthService.java
C:\Users\Kuba\Documents\NetBeansProjects\WPA_MOVIEDATABASE\src\main\java\com\cvut\spatnjak\wpa\moviedatabase\service\DirectorService.java
C:\Users\Kuba\Documents\NetBeansProjects\WPA_MOVIEDATABASE\src\main\java\com\cvut\spatnjak\wpa\moviedatabase\service\IActorService.java
C:\Users\Kuba\Documents\NetBeansProjects\WPA_MOVIEDATABASE\src\main\java\com\cvut\spatnjak\wpa\moviedatabase\service\IDirectorService.java
C:\Users\Kuba\Documents\NetBeansProjects\WPA_MOVIEDATABASE\src\main\java\com\cvut\spatnjak\wpa\moviedatabase\service\IMovieService.java
C:\Users\Kuba\Documents\NetBeansProjects\WPA_MOVIEDATABASE\src\main\java\com\cvut\spatnjak\wpa\moviedatabase\service\IProducerService.java
C:\Users\Kuba\Documents\NetBeansProjects\WPA_MOVIEDATABASE\src\main\java\com\cvut\spatnjak\wpa\moviedatabase\service\IUserService.java
C:\Users\Kuba\Documents\NetBeansProjects\WPA_MOVIEDATABASE\src\main\java\com\cvut\spatnjak\wpa\moviedatabase\service\IWriterService.java
C:\Users\Kuba\Documents\NetBeansProjects\WPA_MOVIEDATABASE\src\main\java\com\cvut\spatnjak\wpa\moviedatabase\service\MovieService.java
C:\Users\Kuba\Documents\NetBeansProjects\WPA_MOVIEDATABASE\src\main\java\com\cvut\spatnjak\wpa\moviedatabase\service\ProducerService.java
C:\Users\Kuba\Documents\NetBeansProjects\WPA_MOVIEDATABASE\src\main\java\com\cvut\spatnjak\wpa\moviedatabase\service\UserService.java
C:\Users\Kuba\Documents\NetBeansProjects\WPA_MOVIEDATABASE\src\main\java\com\cvut\spatnjak\wpa\moviedatabase\service\WriterService.java
C:\Users\Kuba\Documents\NetBeansProjects\WPA_MOVIEDATABASE\src\main\java\com\cvut\spatnjak\wpa\moviedatabase\view\bb\ActorBB.java
C:\Users\Kuba\Documents\NetBeansProjects\WPA_MOVIEDATABASE\src\main\java\com\cvut\spatnjak\wpa\moviedatabase\view\bb\AllMoviesListBB.java
C:\Users\Kuba\Documents\NetBeansProjects\WPA_MOVIEDATABASE\src\main\java\com\cvut\spatnjak\wpa\moviedatabase\view\bb\AutocompleteBB.java
C:\Users\Kuba\Documents\NetBeansProjects\WPA_MOVIEDATABASE\src\main\java\com\cvut\spatnjak\wpa\moviedatabase\view\bb\CastBB.java
C:\Users\Kuba\Documents\NetBeansProjects\WPA_MOVIEDATABASE\src\main\java\com\cvut\spatnjak\wpa\moviedatabase\view\bb\DirectorBB.java
C:\Users\Kuba\Documents\NetBeansProjects\WPA_MOVIEDATABASE\src\main\java\com\cvut\spatnjak\wpa\moviedatabase\view\bb\EditActorBB.java
C:\Users\Kuba\Documents\NetBeansProjects\WPA_MOVIEDATABASE\src\main\java\com\cvut\spatnjak\wpa\moviedatabase\view\bb\EditDirectorBB.java
C:\Users\Kuba\Documents\NetBeansProjects\WPA_MOVIEDATABASE\src\main\java\com\cvut\spatnjak\wpa\moviedatabase\view\bb\editMovieBB.java
C:\Users\Kuba\Documents\NetBeansProjects\WPA_MOVIEDATABASE\src\main\java\com\cvut\spatnjak\wpa\moviedatabase\view\bb\EditUserBB.java
C:\Users\Kuba\Documents\NetBeansProjects\WPA_MOVIEDATABASE\src\main\java\com\cvut\spatnjak\wpa\moviedatabase\view\bb\EditWriterBB.java
C:\Users\Kuba\Documents\NetBeansProjects\WPA_MOVIEDATABASE\src\main\java\com\cvut\spatnjak\wpa\moviedatabase\view\bb\loginBB.java
C:\Users\Kuba\Documents\NetBeansProjects\WPA_MOVIEDATABASE\src\main\java\com\cvut\spatnjak\wpa\moviedatabase\view\bb\movieBB.java
C:\Users\Kuba\Documents\NetBeansProjects\WPA_MOVIEDATABASE\src\main\java\com\cvut\spatnjak\wpa\moviedatabase\view\bb\NewMovieBB.java
C:\Users\Kuba\Documents\NetBeansProjects\WPA_MOVIEDATABASE\src\main\java\com\cvut\spatnjak\wpa\moviedatabase\view\bb\NewPersonBB.java
C:\Users\Kuba\Documents\NetBeansProjects\WPA_MOVIEDATABASE\src\main\java\com\cvut\spatnjak\wpa\moviedatabase\view\bb\NewProducerBB.java
C:\Users\Kuba\Documents\NetBeansProjects\WPA_MOVIEDATABASE\src\main\java\com\cvut\spatnjak\wpa\moviedatabase\view\bb\ProducerBB.java
C:\Users\Kuba\Documents\NetBeansProjects\WPA_MOVIEDATABASE\src\main\java\com\cvut\spatnjak\wpa\moviedatabase\view\bb\RegistrationBB.java
C:\Users\Kuba\Documents\NetBeansProjects\WPA_MOVIEDATABASE\src\main\java\com\cvut\spatnjak\wpa\moviedatabase\view\bb\SearchBB.java
C:\Users\Kuba\Documents\NetBeansProjects\WPA_MOVIEDATABASE\src\main\java\com\cvut\spatnjak\wpa\moviedatabase\view\bb\Top10BB.java
C:\Users\Kuba\Documents\NetBeansProjects\WPA_MOVIEDATABASE\src\main\java\com\cvut\spatnjak\wpa\moviedatabase\view\bb\Top4MoviesBB.java
C:\Users\Kuba\Documents\NetBeansProjects\WPA_MOVIEDATABASE\src\main\java\com\cvut\spatnjak\wpa\moviedatabase\view\bb\UserBB.java
C:\Users\Kuba\Documents\NetBeansProjects\WPA_MOVIEDATABASE\src\main\java\com\cvut\spatnjak\wpa\moviedatabase\view\bb\WriterBB.java
